<?xml version="1.0" encoding="UTF-8"?>
<testsuite name="com.connectravel.service.TourBoardReviewServiceTests" tests="1" skipped="0" failures="0" errors="0" timestamp="2023-11-07T07:11:12" hostname="LJH" time="0.225">
  <properties/>
  <testcase name="testModifyTourBoardReview()" classname="com.connectravel.service.TourBoardReviewServiceTests" time="0.225"/>
  <system-out><![CDATA[16:11:07.369 [Test worker] DEBUG org.springframework.test.context.BootstrapUtils - Instantiating CacheAwareContextLoaderDelegate from class [org.springframework.test.context.cache.DefaultCacheAwareContextLoaderDelegate]
16:11:07.377 [Test worker] DEBUG org.springframework.test.context.BootstrapUtils - Instantiating BootstrapContext using constructor [public org.springframework.test.context.support.DefaultBootstrapContext(java.lang.Class,org.springframework.test.context.CacheAwareContextLoaderDelegate)]
16:11:07.406 [Test worker] DEBUG org.springframework.test.context.BootstrapUtils - Instantiating TestContextBootstrapper for test class [com.connectravel.service.TourBoardReviewServiceTests] from class [org.springframework.boot.test.context.SpringBootTestContextBootstrapper]
16:11:07.416 [Test worker] INFO org.springframework.boot.test.context.SpringBootTestContextBootstrapper - Neither @ContextConfiguration nor @ContextHierarchy found for test class [com.connectravel.service.TourBoardReviewServiceTests], using SpringBootContextLoader
16:11:07.418 [Test worker] DEBUG org.springframework.test.context.support.AbstractContextLoader - Did not detect default resource location for test class [com.connectravel.service.TourBoardReviewServiceTests]: class path resource [com/connectravel/service/TourBoardReviewServiceTests-context.xml] does not exist
16:11:07.419 [Test worker] DEBUG org.springframework.test.context.support.AbstractContextLoader - Did not detect default resource location for test class [com.connectravel.service.TourBoardReviewServiceTests]: class path resource [com/connectravel/service/TourBoardReviewServiceTestsContext.groovy] does not exist
16:11:07.419 [Test worker] INFO org.springframework.test.context.support.AbstractContextLoader - Could not detect default resource locations for test class [com.connectravel.service.TourBoardReviewServiceTests]: no resource found for suffixes {-context.xml, Context.groovy}.
16:11:07.419 [Test worker] INFO org.springframework.test.context.support.AnnotationConfigContextLoaderUtils - Could not detect default configuration classes for test class [com.connectravel.service.TourBoardReviewServiceTests]: TourBoardReviewServiceTests does not declare any static, non-private, non-final, nested classes annotated with @Configuration.
16:11:07.454 [Test worker] DEBUG org.springframework.test.context.support.ActiveProfilesUtils - Could not find an 'annotation declaring class' for annotation type [org.springframework.test.context.ActiveProfiles] and class [com.connectravel.service.TourBoardReviewServiceTests]
16:11:07.501 [Test worker] DEBUG org.springframework.context.annotation.ClassPathScanningCandidateComponentProvider - Identified candidate component class: file [C:\Users\ljh94\IdeaProjects\connectravel\build\classes\java\main\com\connectravel\ConnectravelApplication.class]
16:11:07.502 [Test worker] INFO org.springframework.boot.test.context.SpringBootTestContextBootstrapper - Found @SpringBootConfiguration com.connectravel.ConnectravelApplication for test class com.connectravel.service.TourBoardReviewServiceTests
16:11:07.580 [Test worker] DEBUG org.springframework.boot.test.context.SpringBootTestContextBootstrapper - @TestExecutionListeners is not present for class [com.connectravel.service.TourBoardReviewServiceTests]: using defaults.
16:11:07.580 [Test worker] INFO org.springframework.boot.test.context.SpringBootTestContextBootstrapper - Loaded default TestExecutionListener class names from location [META-INF/spring.factories]: [org.springframework.boot.test.autoconfigure.restdocs.RestDocsTestExecutionListener, org.springframework.boot.test.autoconfigure.web.client.MockRestServiceServerResetTestExecutionListener, org.springframework.boot.test.autoconfigure.web.servlet.MockMvcPrintOnlyOnFailureTestExecutionListener, org.springframework.boot.test.autoconfigure.web.servlet.WebDriverTestExecutionListener, org.springframework.boot.test.autoconfigure.webservices.client.MockWebServiceServerTestExecutionListener, org.springframework.boot.test.mock.mockito.MockitoTestExecutionListener, org.springframework.boot.test.mock.mockito.ResetMocksTestExecutionListener, org.springframework.test.context.web.ServletTestExecutionListener, org.springframework.test.context.support.DirtiesContextBeforeModesTestExecutionListener, org.springframework.test.context.event.ApplicationEventsTestExecutionListener, org.springframework.test.context.support.DependencyInjectionTestExecutionListener, org.springframework.test.context.support.DirtiesContextTestExecutionListener, org.springframework.test.context.transaction.TransactionalTestExecutionListener, org.springframework.test.context.jdbc.SqlScriptsTestExecutionListener, org.springframework.test.context.event.EventPublishingTestExecutionListener]
16:11:07.591 [Test worker] INFO org.springframework.boot.test.context.SpringBootTestContextBootstrapper - Using TestExecutionListeners: [org.springframework.test.context.web.ServletTestExecutionListener@61078690, org.springframework.test.context.support.DirtiesContextBeforeModesTestExecutionListener@1cb3ec38, org.springframework.test.context.event.ApplicationEventsTestExecutionListener@403132fc, org.springframework.boot.test.mock.mockito.MockitoTestExecutionListener@71c5b236, org.springframework.boot.test.autoconfigure.SpringBootDependencyInjectionTestExecutionListener@2cab9998, org.springframework.test.context.support.DirtiesContextTestExecutionListener@2f7a7219, org.springframework.test.context.transaction.TransactionalTestExecutionListener@669513d8, org.springframework.test.context.jdbc.SqlScriptsTestExecutionListener@3a1d593e, org.springframework.test.context.event.EventPublishingTestExecutionListener@4a8a60bc, org.springframework.boot.test.autoconfigure.restdocs.RestDocsTestExecutionListener@361c294e, org.springframework.boot.test.autoconfigure.web.client.MockRestServiceServerResetTestExecutionListener@7859e786, org.springframework.boot.test.autoconfigure.web.servlet.MockMvcPrintOnlyOnFailureTestExecutionListener@285d851a, org.springframework.boot.test.autoconfigure.web.servlet.WebDriverTestExecutionListener@314b8f2d, org.springframework.boot.test.autoconfigure.webservices.client.MockWebServiceServerTestExecutionListener@664a9613, org.springframework.boot.test.mock.mockito.ResetMocksTestExecutionListener@5118388b]
16:11:07.594 [Test worker] DEBUG org.springframework.test.context.support.AbstractDirtiesContextTestExecutionListener - Before test class: context [DefaultTestContext@33617539 testClass = TourBoardReviewServiceTests, testInstance = [null], testMethod = [null], testException = [null], mergedContextConfiguration = [WebMergedContextConfiguration@2c177f9e testClass = TourBoardReviewServiceTests, locations = '{}', classes = '{class com.connectravel.ConnectravelApplication}', contextInitializerClasses = '[]', activeProfiles = '{}', propertySourceLocations = '{}', propertySourceProperties = '{org.springframework.boot.test.context.SpringBootTestContextBootstrapper=true}', contextCustomizers = set[org.springframework.boot.test.autoconfigure.actuate.metrics.MetricsExportContextCustomizerFactory$DisableMetricExportContextCustomizer@55dfcc6, org.springframework.boot.test.autoconfigure.properties.PropertyMappingContextCustomizer@0, org.springframework.boot.test.autoconfigure.web.servlet.WebDriverContextCustomizerFactory$Customizer@3ed242a4, org.springframework.boot.test.context.filter.ExcludeFilterContextCustomizer@73a2e526, org.springframework.boot.test.json.DuplicateJsonObjectContextCustomizerFactory$DuplicateJsonObjectContextCustomizer@32193bea, org.springframework.boot.test.mock.mockito.MockitoContextCustomizer@0, org.springframework.boot.test.web.client.TestRestTemplateContextCustomizer@1e8ce150, org.springframework.boot.test.context.SpringBootTestArgs@1, org.springframework.boot.test.context.SpringBootTestWebEnvironment@66f57048], resourceBasePath = 'src/main/webapp', contextLoader = 'org.springframework.boot.test.context.SpringBootContextLoader', parent = [null]], attributes = map['org.springframework.test.context.web.ServletTestExecutionListener.activateListener' -> true]], class annotated with @DirtiesContext [false] with mode [null].

  ______   ______   .__   __. .__   __.  _______   ______ .___________..______          ___   ____    ____  _______  __
 /      | /  __  \  |  \ |  | |  \ |  | |   ____| /      ||           ||   _  \        /   \  \   \  /   / |   ____||  |
|  ,----'|  |  |  | |   \|  | |   \|  | |  |__   |  ,----'`---|  |----`|  |_)  |      /  ^  \  \   \/   /  |  |__   |  |
|  |     |  |  |  | |  . `  | |  . `  | |   __|  |  |         |  |     |      /      /  /_\  \  \      /   |   __|  |  |
|  `----.|  `--'  | |  |\   | |  |\   | |  |____ |  `----.    |  |     |  |\  \----./  _____  \  \    /    |  |____ |  `----.
 \______| \______/  |__| \__| |__| \__| |_______| \______|    |__|     | _| `._____/__/     \__\  \__/     |_______||_______|

 여행을 잇다. ConnectTravel.ver01
2023-11-07 16:11:07.848  INFO 16464 --- [    Test worker] c.c.service.TourBoardReviewServiceTests  : Starting TourBoardReviewServiceTests using Java 17.0.9 on ljh with PID 16464 (started by ljh94 in C:\Users\ljh94\IdeaProjects\connectravel)
2023-11-07 16:11:07.849  INFO 16464 --- [    Test worker] c.c.service.TourBoardReviewServiceTests  : No active profile set, falling back to 1 default profile: "default"
2023-11-07 16:11:08.542  INFO 16464 --- [    Test worker] .s.d.r.c.RepositoryConfigurationDelegate : Bootstrapping Spring Data JPA repositories in DEFAULT mode.
2023-11-07 16:11:08.647  INFO 16464 --- [    Test worker] .s.d.r.c.RepositoryConfigurationDelegate : Finished Spring Data repository scanning in 95 ms. Found 13 JPA repository interfaces.
2023-11-07 16:11:09.141  INFO 16464 --- [    Test worker] o.hibernate.jpa.internal.util.LogHelper  : HHH000204: Processing PersistenceUnitInfo [name: default]
2023-11-07 16:11:09.201  INFO 16464 --- [    Test worker] org.hibernate.Version                    : HHH000412: Hibernate ORM core version 5.6.15.Final
2023-11-07 16:11:09.354  INFO 16464 --- [    Test worker] o.hibernate.annotations.common.Version   : HCANN000001: Hibernate Commons Annotations {5.1.2.Final}
2023-11-07 16:11:09.452  INFO 16464 --- [    Test worker] com.zaxxer.hikari.HikariDataSource       : HikariPool-1 - Starting...
2023-11-07 16:11:09.537  INFO 16464 --- [    Test worker] com.zaxxer.hikari.HikariDataSource       : HikariPool-1 - Start completed.
2023-11-07 16:11:09.554  INFO 16464 --- [    Test worker] org.hibernate.dialect.Dialect            : HHH000400: Using dialect: org.hibernate.dialect.MariaDB103Dialect
2023-11-07 16:11:09.755  WARN 16464 --- [    Test worker] org.hibernate.id.UUIDHexGenerator        : HHH000409: Using org.hibernate.id.UUIDHexGenerator which does not generate IETF RFC 4122 compliant UUID values; consider using org.hibernate.id.UUIDGenerator instead
2023-11-07 16:11:10.339  INFO 16464 --- [    Test worker] o.h.e.t.j.p.i.JtaPlatformInitiator       : HHH000490: Using JtaPlatform implementation: [org.hibernate.engine.transaction.jta.platform.internal.NoJtaPlatform]
2023-11-07 16:11:10.347  INFO 16464 --- [    Test worker] j.LocalContainerEntityManagerFactoryBean : Initialized JPA EntityManagerFactory for persistence unit 'default'
C:\Users\ljh94\IdeaProjects\connectravel\imgtest
2023-11-07 16:11:12.026  WARN 16464 --- [    Test worker] JpaBaseConfiguration$JpaWebConfiguration : spring.jpa.open-in-view is enabled by default. Therefore, database queries may be performed during view rendering. Explicitly configure spring.jpa.open-in-view to disable this warning
2023-11-07 16:11:12.363  INFO 16464 --- [    Test worker] o.s.b.a.w.s.WelcomePageHandlerMapping    : Adding welcome page: class path resource [static/index.html]
2023-11-07 16:11:12.723  INFO 16464 --- [    Test worker] c.c.service.TourBoardReviewServiceTests  : Started TourBoardReviewServiceTests in 5.099 seconds (JVM running for 6.129)
2023-11-07 16:11:12.756  INFO 16464 --- [    Test worker] o.s.t.c.transaction.TransactionContext   : Began transaction (1) for test context [DefaultTestContext@33617539 testClass = TourBoardReviewServiceTests, testInstance = com.connectravel.service.TourBoardReviewServiceTests@cf315f1, testMethod = testModifyTourBoardReview@TourBoardReviewServiceTests, testException = [null], mergedContextConfiguration = [WebMergedContextConfiguration@2c177f9e testClass = TourBoardReviewServiceTests, locations = '{}', classes = '{class com.connectravel.ConnectravelApplication}', contextInitializerClasses = '[]', activeProfiles = '{}', propertySourceLocations = '{}', propertySourceProperties = '{org.springframework.boot.test.context.SpringBootTestContextBootstrapper=true}', contextCustomizers = set[org.springframework.boot.test.autoconfigure.actuate.metrics.MetricsExportContextCustomizerFactory$DisableMetricExportContextCustomizer@55dfcc6, org.springframework.boot.test.autoconfigure.properties.PropertyMappingContextCustomizer@0, org.springframework.boot.test.autoconfigure.web.servlet.WebDriverContextCustomizerFactory$Customizer@3ed242a4, org.springframework.boot.test.context.filter.ExcludeFilterContextCustomizer@73a2e526, org.springframework.boot.test.json.DuplicateJsonObjectContextCustomizerFactory$DuplicateJsonObjectContextCustomizer@32193bea, org.springframework.boot.test.mock.mockito.MockitoContextCustomizer@0, org.springframework.boot.test.web.client.TestRestTemplateContextCustomizer@1e8ce150, org.springframework.boot.test.context.SpringBootTestArgs@1, org.springframework.boot.test.context.SpringBootTestWebEnvironment@66f57048], resourceBasePath = 'src/main/webapp', contextLoader = 'org.springframework.boot.test.context.SpringBootContextLoader', parent = [null]], attributes = map['org.springframework.test.context.web.ServletTestExecutionListener.activateListener' -> true, 'org.springframework.test.context.web.ServletTestExecutionListener.populatedRequestContextHolder' -> true, 'org.springframework.test.context.web.ServletTestExecutionListener.resetRequestContextHolder' -> true, 'org.springframework.test.context.event.ApplicationEventsTestExecutionListener.recordApplicationEvents' -> false]]; transaction manager [org.springframework.orm.jpa.JpaTransactionManager@3285c141]; rollback [true]
Hibernate: 
    select
        tourboard0_.tbno as tbno1_14_0_,
        tourboard0_.mod_time as mod_time2_14_0_,
        tourboard0_.reg_time as reg_time3_14_0_,
        tourboard0_.created_by as created_4_14_0_,
        tourboard0_.modified_by as modified5_14_0_,
        tourboard0_.address as address6_14_0_,
        tourboard0_.category as category7_14_0_,
        tourboard0_.content as content8_14_0_,
        tourboard0_.grade as grade9_14_0_,
        tourboard0_.postal as postal10_14_0_,
        tourboard0_.region as region11_14_0_,
        tourboard0_.review_count as review_12_14_0_,
        tourboard0_.title as title13_14_0_ 
    from
        tour_board tourboard0_ 
    where
        tourboard0_.tbno=?
Hibernate: 
    select
        tourboardr0_.tbrno as tbrno1_16_0_,
        tourboardr0_.mod_time as mod_time2_16_0_,
        tourboardr0_.reg_time as reg_time3_16_0_,
        tourboardr0_.created_by as created_4_16_0_,
        tourboardr0_.modified_by as modified5_16_0_,
        tourboardr0_.content as content6_16_0_,
        tourboardr0_.grade as grade7_16_0_,
        tourboardr0_.member_id as member_i9_16_0_,
        tourboardr0_.recommend as recommen8_16_0_,
        tourboardr0_.tour_board_tbno as tour_bo10_16_0_ 
    from
        tour_board_review tourboardr0_ 
    where
        tourboardr0_.tbrno=?
2023-11-07 16:11:12.966  INFO 16464 --- [    Test worker] o.s.t.c.transaction.TransactionContext   : Rolled back transaction for test: [DefaultTestContext@33617539 testClass = TourBoardReviewServiceTests, testInstance = com.connectravel.service.TourBoardReviewServiceTests@cf315f1, testMethod = testModifyTourBoardReview@TourBoardReviewServiceTests, testException = [null], mergedContextConfiguration = [WebMergedContextConfiguration@2c177f9e testClass = TourBoardReviewServiceTests, locations = '{}', classes = '{class com.connectravel.ConnectravelApplication}', contextInitializerClasses = '[]', activeProfiles = '{}', propertySourceLocations = '{}', propertySourceProperties = '{org.springframework.boot.test.context.SpringBootTestContextBootstrapper=true}', contextCustomizers = set[org.springframework.boot.test.autoconfigure.actuate.metrics.MetricsExportContextCustomizerFactory$DisableMetricExportContextCustomizer@55dfcc6, org.springframework.boot.test.autoconfigure.properties.PropertyMappingContextCustomizer@0, org.springframework.boot.test.autoconfigure.web.servlet.WebDriverContextCustomizerFactory$Customizer@3ed242a4, org.springframework.boot.test.context.filter.ExcludeFilterContextCustomizer@73a2e526, org.springframework.boot.test.json.DuplicateJsonObjectContextCustomizerFactory$DuplicateJsonObjectContextCustomizer@32193bea, org.springframework.boot.test.mock.mockito.MockitoContextCustomizer@0, org.springframework.boot.test.web.client.TestRestTemplateContextCustomizer@1e8ce150, org.springframework.boot.test.context.SpringBootTestArgs@1, org.springframework.boot.test.context.SpringBootTestWebEnvironment@66f57048], resourceBasePath = 'src/main/webapp', contextLoader = 'org.springframework.boot.test.context.SpringBootContextLoader', parent = [null]], attributes = map['org.springframework.test.context.web.ServletTestExecutionListener.activateListener' -> true, 'org.springframework.test.context.web.ServletTestExecutionListener.populatedRequestContextHolder' -> true, 'org.springframework.test.context.web.ServletTestExecutionListener.resetRequestContextHolder' -> true, 'org.springframework.test.context.event.ApplicationEventsTestExecutionListener.recordApplicationEvents' -> false]]
]]></system-out>
  <system-err><![CDATA[]]></system-err>
</testsuite>
